<?xml version="1.0" encoding="UTF-8"?>
<persistence version="2.1" xmlns="http://xmlns.jcp.org/xml/ns/persistence" xmlns:xsi="http://www.w3.org/2001/XMLSchema-instance" xsi:schemaLocation="http://xmlns.jcp.org/xml/ns/persistence http://xmlns.jcp.org/xml/ns/persistence/persistence_2_1.xsd">
	<persistence-unit name="testPU" transaction-type="RESOURCE_LOCAL">
	<provider>org.hibernate.jpa.HibernatePersistenceProvider</provider>
		<mapping-file>META-INF/test-orm.xml</mapping-file>
		
		<exclude-unlisted-classes>false</exclude-unlisted-classes>
		<properties>
			<property name="hibernate.dialect" value="org.hibernate.dialect.MySQLDialect" />
			<property name="eclipselink.ddl-generation" value="create-or-extend-tables"/>
			<property name="hibernate.transaction.jta.platform" value="org.hibernate.service.jta.platform.internal.JBossAppServerJtaPlatform" />
			<property name="openjpa.jdbc.SynchronizeMappings" value="buildSchema(ForeignKeys=true)"/>
		</properties>
	</persistence-unit>
</persistence>

