<?xml version="1.0" encoding="UTF-8"?>
<!--
    JBoss, Home of Professional Open Source
    Copyright 2014, Red Hat, Inc. and/or its affiliates, and individual
    contributors by the @authors tag. See the copyright.txt in the
    distribution for a full listing of individual contributors.

    Licensed under the Apache License, Version 2.0 (the "License");
    you may not use this file except in compliance with the License.
    You may obtain a copy of the License at
    http://www.apache.org/licenses/LICENSE-2.0
    Unless required by applicable law or agreed to in writing, software
    distributed under the License is distributed on an "AS IS" BASIS,
    WITHOUT WARRANTIES OR CONDITIONS OF ANY KIND, either express or implied.
    See the License for the specific language governing permissions and
    limitations under the License.
-->
<beans xmlns="http://www.springframework.org/schema/beans"
	xmlns:xsi="http://www.w3.org/2001/XMLSchema-instance" xmlns:mvc="http://www.springframework.org/schema/mvc"
	xmlns:context="http://www.springframework.org/schema/context" xmlns:tx="http://www.springframework.org/schema/tx"
	xsi:schemaLocation="http://www.springframework.org/schema/mvc http://www.springframework.org/schema/mvc/spring-mvc-4.2.xsd
        http://www.springframework.org/schema/beans http://www.springframework.org/schema/beans/spring-beans.xsd
        http://www.springframework.org/schema/tx http://www.springframework.org/schema/tx/spring-tx-4.2.xsd
        http://www.springframework.org/schema/context http://www.springframework.org/schema/context/spring-context-4.2.xsd">

<!-- Per utilizzare un file di properties -->
<!-- <context:property-placeholder location="jdbc.properties" /> -->
<!-- MySQL Datasource with Commons DBCP connection pooling -->
<!-- ?tinyInt1isBit=false @see http://stackoverflow.com/questions/3383169/hibernate-jpa-mysql-and-tinyint1-for-boolean-instead-of-bit-or-char/10224905#10224905 -->
	<bean class="org.apache.commons.dbcp.BasicDataSource" id="dataSource">
		<property name="driverClassName" value="com.mysql.jdbc.Driver" />
		<property name="url" value="jdbc:mysql://localhost:3306/zeurelscan?tinyInt1isBit=false" /> 
		<property name="username" value="root" />
		<property name="password" value="password" />
	</bean>

    <bean id="entityManagerFactory" class="org.springframework.orm.jpa.LocalContainerEntityManagerFactoryBean">
<!--         <property name="jpaVendorAdapter"> -->
<!--             <bean class="org.springframework.orm.jpa.vendor.HibernateJpaVendorAdapter"/> -->
<!--         </property> -->
        <property name="persistenceXmlLocation" value="classpath*:META-INF/test-persistence.xml"/>
        <property name="dataSource" ref="dataSource"/>
    </bean>

<!--     <bean id="sharedEntityManager" class="org.springframework.orm.jpa.support.SharedEntityManagerBean"> -->
<!--         <property name="entityManagerFactory" ref="entityManagerFactory"/> -->
<!--     </bean> -->

    <bean id="transactionManager" class="org.springframework.orm.jpa.JpaTransactionManager">
        <property name="entityManagerFactory" ref="entityManagerFactory"/>
    </bean>


<!-- //altrimenti mvc class not found ServletContext -->
<!--     <mvc:annotation-driven/> -->
</beans>